#set( $symbol_pound = '#' )
#set( $symbol_dollar = '$' )
#set( $symbol_escape = '\' )
<beans xmlns="http://www.springframework.org/schema/beans"
	xmlns:amq="http://activemq.apache.org/schema/core" xmlns:xsi="http://www.w3.org/2001/XMLSchema-instance"
	xsi:schemaLocation=" http://www.springframework.org/schema/beans http://www.springframework.org/schema/beans/spring-beans.xsd 
    http://camel.apache.org/schema/spring http://camel.apache.org/schema/spring/camel-spring.xsd 
    http://activemq.apache.org/schema/core http://activemq.apache.org/schema/core/activemq-core.xsd">

	<import resource="classpath:test-camel-components-context.xml" />
	<import resource="classpath:properties-context.xml" />

	<camelContext xmlns="http://camel.apache.org/schema/spring">


	</camelContext>

</beans>
